# JRE version: Java(TM) SE Runtime Environment (8.0_181-b13) (build 1.8.0_181-b13)
# Java VM: Java HotSpot(TM) 64-Bit Server VM (25.181-b13 mixed mode linux-amd64 compressed oops)
Heap:
 PSYoungGen      total 599040K, used 188153K [0x000000076d300000, 0x00000007b1700000, 0x00000007c0000000)
  eden space 165888K, 0% used [0x000000076d300000,0x000000076d300000,0x0000000777500000)
  from space 433152K, 43% used [0x0000000777500000,0x0000000782cbe458,0x0000000791c00000)
  to   space 452096K, 0% used [0x0000000795d80000,0x0000000795d80000,0x00000007b1700000)
 ParOldGen       total 967168K, used 966795K [0x00000006c7800000, 0x0000000702880000, 0x000000076d300000)
  object space 967168K, 99% used [0x00000006c7800000,0x0000000702822c88,0x0000000702880000)
 Metaspace       used 6261K, capacity 6476K, committed 6784K, reserved 1056768K
  class space    used 719K, capacity 802K, committed 896K, reserved 1048576K
GC Heap History (10 events):
Event: 4.067 GC heap after
Heap after GC invocations=10 (full 3):
 PSYoungGen      total 340480K, used 57789K [0x000000076d300000, 0x0000000799e80000, 0x00000007c0000000)
  eden space 158208K, 0% used [0x000000076d300000,0x000000076d300000,0x0000000776d80000)
  from space 182272K, 31% used [0x0000000776d80000,0x000000077a5ef598,0x0000000781f80000)
  to   space 259584K, 0% used [0x000000078a100000,0x000000078a100000,0x0000000799e80000)
 ParOldGen       total 967168K, used 564179K [0x00000006c7800000, 0x0000000702880000, 0x000000076d300000)
  object space 967168K, 58% used [0x00000006c7800000,0x00000006e9ef4f88,0x0000000702880000)
 Metaspace       used 6260K, capacity 6476K, committed 6784K, reserved 1056768K
  class space    used 719K, capacity 802K, committed 896K, reserved 1048576K
}
Event: 4.232 GC heap before
{Heap before GC invocations=11 (full 3):
 PSYoungGen      total 340480K, used 215997K [0x000000076d300000, 0x0000000799e80000, 0x00000007c0000000)
  eden space 158208K, 100% used [0x000000076d300000,0x0000000776d80000,0x0000000776d80000)
  from space 182272K, 31% used [0x0000000776d80000,0x000000077a5ef598,0x0000000781f80000)
  to   space 259584K, 0% used [0x000000078a100000,0x000000078a100000,0x0000000799e80000)
 ParOldGen       total 967168K, used 564179K [0x00000006c7800000, 0x0000000702880000, 0x000000076d300000)
  object space 967168K, 58% used [0x00000006c7800000,0x00000006e9ef4f88,0x0000000702880000)
 Metaspace       used 6260K, capacity 6476K, committed 6784K, reserved 1056768K
  class space    used 719K, capacity 802K, committed 896K, reserved 1048576K
Event: 4.355 GC heap after
Heap after GC invocations=11 (full 3):
 PSYoungGen      total 457216K, used 192439K [0x000000076d300000, 0x000000079b800000, 0x00000007c0000000)
  eden space 197632K, 0% used [0x000000076d300000,0x000000076d300000,0x0000000779400000)
  from space 259584K, 74% used [0x000000078a100000,0x0000000795cedc60,0x0000000799e80000)
  to   space 275456K, 0% used [0x0000000779400000,0x0000000779400000,0x000000078a100000)
 ParOldGen       total 967168K, used 564179K [0x00000006c7800000, 0x0000000702880000, 0x000000076d300000)
  object space 967168K, 58% used [0x00000006c7800000,0x00000006e9ef4f88,0x0000000702880000)
 Metaspace       used 6260K, capacity 6476K, committed 6784K, reserved 1056768K
  class space    used 719K, capacity 802K, committed 896K, reserved 1048576K
}
Event: 4.459 GC heap before
{Heap before GC invocations=12 (full 3):
 PSYoungGen      total 457216K, used 390071K [0x000000076d300000, 0x000000079b800000, 0x00000007c0000000)
  eden space 197632K, 100% used [0x000000076d300000,0x0000000779400000,0x0000000779400000)
  from space 259584K, 74% used [0x000000078a100000,0x0000000795cedc60,0x0000000799e80000)
  to   space 275456K, 0% used [0x0000000779400000,0x0000000779400000,0x000000078a100000)
 ParOldGen       total 967168K, used 564179K [0x00000006c7800000, 0x0000000702880000, 0x000000076d300000)
  object space 967168K, 58% used [0x00000006c7800000,0x00000006e9ef4f88,0x0000000702880000)
 Metaspace       used 6260K, capacity 6476K, committed 6784K, reserved 1056768K
  class space    used 719K, capacity 802K, committed 896K, reserved 1048576K
Event: 4.602 GC heap after
Heap after GC invocations=12 (full 3):
 PSYoungGen      total 473088K, used 275430K [0x000000076d300000, 0x00000007a7880000, 0x00000007c0000000)
  eden space 197632K, 0% used [0x000000076d300000,0x000000076d300000,0x0000000779400000)
  from space 275456K, 99% used [0x0000000779400000,0x000000078a0f9b78,0x000000078a100000)
  to   space 356864K, 0% used [0x0000000791c00000,0x0000000791c00000,0x00000007a7880000)
 ParOldGen       total 967168K, used 657411K [0x00000006c7800000, 0x0000000702880000, 0x000000076d300000)
  object space 967168K, 67% used [0x00000006c7800000,0x00000006efa00f88,0x0000000702880000)
 Metaspace       used 6260K, capacity 6476K, committed 6784K, reserved 1056768K
  class space    used 719K, capacity 802K, committed 896K, reserved 1048576K
}
Event: 4.863 GC heap before
{Heap before GC invocations=13 (full 3):
 PSYoungGen      total 473088K, used 452118K [0x000000076d300000, 0x00000007a7880000, 0x00000007c0000000)
  eden space 197632K, 89% used [0x000000076d300000,0x0000000777f8bc88,0x0000000779400000)
  from space 275456K, 99% used [0x0000000779400000,0x000000078a0f9b78,0x000000078a100000)
  to   space 356864K, 0% used [0x0000000791c00000,0x0000000791c00000,0x00000007a7880000)
 ParOldGen       total 967168K, used 657411K [0x00000006c7800000, 0x0000000702880000, 0x000000076d300000)
  object space 967168K, 67% used [0x00000006c7800000,0x00000006efa00f88,0x0000000702880000)
 Metaspace       used 6261K, capacity 6476K, committed 6784K, reserved 1056768K
  class space    used 719K, capacity 802K, committed 896K, reserved 1048576K
Event: 4.999 GC heap after
Heap after GC invocations=13 (full 3):
 PSYoungGen      total 522752K, used 356846K [0x000000076d300000, 0x00000007b0d80000, 0x00000007c0000000)
  eden space 165888K, 0% used [0x000000076d300000,0x000000076d300000,0x0000000777500000)
  from space 356864K, 99% used [0x0000000791c00000,0x00000007a787b8c0,0x00000007a7880000)
  to   space 433152K, 0% used [0x0000000777500000,0x0000000777500000,0x0000000791c00000)
 ParOldGen       total 967168K, used 715067K [0x00000006c7800000, 0x0000000702880000, 0x000000076d300000)
  object space 967168K, 73% used [0x00000006c7800000,0x00000006f324ef88,0x0000000702880000)
 Metaspace       used 6261K, capacity 6476K, committed 6784K, reserved 1056768K
  class space    used 719K, capacity 802K, committed 896K, reserved 1048576K
}
Event: 5.020 GC heap before
{Heap before GC invocations=14 (full 3):
 PSYoungGen      total 522752K, used 522734K [0x000000076d300000, 0x00000007b0d80000, 0x00000007c0000000)
  eden space 165888K, 100% used [0x000000076d300000,0x0000000777500000,0x0000000777500000)
  from space 356864K, 99% used [0x0000000791c00000,0x00000007a787b8c0,0x00000007a7880000)
  to   space 433152K, 0% used [0x0000000777500000,0x0000000777500000,0x0000000791c00000)
 ParOldGen       total 967168K, used 715067K [0x00000006c7800000, 0x0000000702880000, 0x000000076d300000)
  object space 967168K, 73% used [0x00000006c7800000,0x00000006f324ef88,0x0000000702880000)
 Metaspace       used 6261K, capacity 6476K, committed 6784K, reserved 1056768K
  class space    used 719K, capacity 802K, committed 896K, reserved 1048576K
Event: 5.217 GC heap after
Heap after GC invocations=14 (full 3):
 PSYoungGen      total 599040K, used 365068K [0x000000076d300000, 0x00000007b1700000, 0x00000007c0000000)
  eden space 165888K, 0% used [0x000000076d300000,0x000000076d300000,0x0000000777500000)
  from space 433152K, 84% used [0x0000000777500000,0x000000078d983218,0x0000000791c00000)
  to   space 452096K, 0% used [0x0000000795d80000,0x0000000795d80000,0x00000007b1700000)
 ParOldGen       total 967168K, used 837098K [0x00000006c7800000, 0x0000000702880000, 0x000000076d300000)
  object space 967168K, 86% used [0x00000006c7800000,0x00000006fa97abe8,0x0000000702880000)
 Metaspace       used 6261K, capacity 6476K, committed 6784K, reserved 1056768K
  class space    used 719K, capacity 802K, committed 896K, reserved 1048576K
}
Event: 5.217 GC heap before
{Heap before GC invocations=15 (full 4):
 PSYoungGen      total 599040K, used 365068K [0x000000076d300000, 0x00000007b1700000, 0x00000007c0000000)
  eden space 165888K, 0% used [0x000000076d300000,0x000000076d300000,0x0000000777500000)
  from space 433152K, 84% used [0x0000000777500000,0x000000078d983218,0x0000000791c00000)
  to   space 452096K, 0% used [0x0000000795d80000,0x0000000795d80000,0x00000007b1700000)
 ParOldGen       total 967168K, used 837098K [0x00000006c7800000, 0x0000000702880000, 0x000000076d300000)
  object space 967168K, 86% used [0x00000006c7800000,0x00000006fa97abe8,0x0000000702880000)
 Metaspace       used 6261K, capacity 6476K, committed 6784K, reserved 1056768K
  class space    used 719K, capacity 802K, committed 896K, reserved 1048576K

